<?xml version="1.0" encoding="UTF-8"?>
<testsuite xmlns:xsi="http://www.w3.org/2001/XMLSchema-instance" xsi:noNamespaceSchemaLocation="https://maven.apache.org/surefire/maven-surefire-plugin/xsd/surefire-test-report-3.0.xsd" version="3.0" name="Runner.TestRunner" time="23.283" tests="2" errors="2" skipped="0" failures="0">
  <properties>
[...]
</properties>
  <testcase name="Successful Login with Valid Credentials" classname="Login Action" time="4.82">
    <error message="The step &quot;User is on Home Page&quot; is undefined. You can implement it using the snippet(s) below:&#10;&#10;@Given(&quot;User is on Home Page&quot;)&#10;public void user_is_on_home_page() {&#10;    // Write code here that turns the phrase above into concrete actions&#10;    throw new io.cucumber.java.PendingException();&#10;}&#10;&#10;&#10;Some other steps were also undefined:&#10;&#10;@When(&quot;User Navigate to LogIn Page&quot;)&#10;public void user_navigate_to_log_in_page() {&#10;    // Write code here that turns the phrase above into concrete actions&#10;    throw new io.cucumber.java.PendingException();&#10;}&#10;@Then(&quot;Message displayed Login Successfully&quot;)&#10;public void message_displayed_login_successfully() {&#10;    // Write code here that turns the phrase above into concrete actions&#10;    throw new io.cucumber.java.PendingException();&#10;}&#10;" type="io.cucumber.junit.UndefinedStepException"><![CDATA[io.cucumber.junit.UndefinedStepException: 
The step "User is on Home Page" is undefined. You can implement it using the snippet(s) below:

@Given("User is on Home Page")
public void user_is_on_home_page() {
    // Write code here that turns the phrase above into concrete actions
    throw new io.cucumber.java.PendingException();
}


Some other steps were also undefined:

@When("User Navigate to LogIn Page")
public void user_navigate_to_log_in_page() {
    // Write code here that turns the phrase above into concrete actions
    throw new io.cucumber.java.PendingException();
}
@Then("Message displayed Login Successfully")
public void message_displayed_login_successfully() {
    // Write code here that turns the phrase above into concrete actions
    throw new io.cucumber.java.PendingException();
}

]]></error>
  </testcase>
  <testcase name="Successful LogOut" classname="Login Action" time="0.027">
    <error message="The step &quot;User LogOut from the Application&quot; is undefined. You can implement it using the snippet(s) below:&#10;&#10;@When(&quot;User LogOut from the Application&quot;)&#10;public void user_log_out_from_the_application() {&#10;    // Write code here that turns the phrase above into concrete actions&#10;    throw new io.cucumber.java.PendingException();&#10;}&#10;&#10;&#10;Some other steps were also undefined:&#10;&#10;@Then(&quot;Message displayed LogOut Successfully&quot;)&#10;public void message_displayed_log_out_successfully() {&#10;    // Write code here that turns the phrase above into concrete actions&#10;    throw new io.cucumber.java.PendingException();&#10;}&#10;" type="io.cucumber.junit.UndefinedStepException"><![CDATA[io.cucumber.junit.UndefinedStepException: 
The step "User LogOut from the Application" is undefined. You can implement it using the snippet(s) below:

@When("User LogOut from the Application")
public void user_log_out_from_the_application() {
    // Write code here that turns the phrase above into concrete actions
    throw new io.cucumber.java.PendingException();
}


Some other steps were also undefined:

@Then("Message displayed LogOut Successfully")
public void message_displayed_log_out_successfully() {
    // Write code here that turns the phrase above into concrete actions
    throw new io.cucumber.java.PendingException();
}

]]></error>
  </testcase>
</testsuite>